Build started 3/25/2015 7:54:29 PM.
     1>Project "C:\Projects\VirtualComputer\VirtualComputer\VirtualComputer\VirtualComputer.vcxproj" on node 2 (build target(s)).
     1>InitializeBuildStatus:
         Touching "Debug\VirtualComputer.unsuccessfulbuild".
       ClCompile:
         C:\Program Files (x86)\Microsoft Visual Studio 10.0\VC\bin\CL.exe /c /ZI /nologo /W3 /WX- /Od /Oy- /D _MBCS /Gm /EHsc /RTC1 /MDd /GS /fp:precise /Zc:wchar_t /Zc:forScope /Fo"Debug\\" /Fd"Debug\vc100.pdb" /Gd /TP /analyze- /errorReport:prompt main.cpp
         main.cpp
       Link:
         C:\Program Files (x86)\Microsoft Visual Studio 10.0\VC\bin\link.exe /ERRORREPORT:PROMPT /OUT:"C:\Projects\VirtualComputer\VirtualComputer\Debug\VirtualComputer.exe" /NOLOGO kernel32.lib user32.lib gdi32.lib winspool.lib comdlg32.lib advapi32.lib shell32.lib ole32.lib oleaut32.lib uuid.lib odbc32.lib odbccp32.lib /MANIFEST /ManifestFile:"Debug\VirtualComputer.exe.intermediate.manifest" /MANIFESTUAC:"level='asInvoker' uiAccess='false'" /DEBUG /PDB:"C:\Projects\VirtualComputer\VirtualComputer\Debug\VirtualComputer.pdb" /TLBID:1 /DYNAMICBASE /NXCOMPAT /IMPLIB:"C:\Projects\VirtualComputer\VirtualComputer\Debug\VirtualComputer.lib" /MACHINE:X86 Debug\Builder.obj
         Debug\main.obj
         LINK : C:\Projects\VirtualComputer\VirtualComputer\Debug\VirtualComputer.exe not found or not built by the last incremental link; performing full link
         VirtualComputer.vcxproj -> C:\Projects\VirtualComputer\VirtualComputer\Debug\VirtualComputer.exe
       Manifest:
         C:\Program Files (x86)\Microsoft SDKs\Windows\v7.0A\bin\mt.exe /nologo /verbose /outputresource:"C:\Projects\VirtualComputer\VirtualComputer\Debug\VirtualComputer.exe;#1" /manifest Debug\VirtualComputer.exe.intermediate.manifest
       FinalizeBuildStatus:
         Deleting file "Debug\VirtualComputer.unsuccessfulbuild".
         Touching "Debug\VirtualComputer.lastbuildstate".
     1>Done Building Project "C:\Projects\VirtualComputer\VirtualComputer\VirtualComputer\VirtualComputer.vcxproj" (build target(s)).

Build succeeded.

Time Elapsed 00:00:02.85
